// 同步 ID: a5cb9d57 @ Fri Jul  3 04:44:01 UTC 2026
// 重构日志: b2d37df9
// 重构日志: 2653aacc
// 重构日志: c35d5b9d
// 重构日志: 04b9af07
// 重构日志: c69772c2
// 重构日志: 78b98468
// 重构日志: 14b0b00d
// 重构日志: 5d94eb5c
// 重构日志: 8085ecd9
// 同步 ID: ea321e48 @ Tue Jul  7 15:21:29 UTC 2026
// 同步 ID: 5ef0055d @ Wed Jul  8 18:10:36 UTC 2026
// 同步 ID: 7fb29b99 @ Fri Jul 10 04:12:16 UTC 2026
// 重构日志: 5832343f
// 同步 ID: 597daabf @ Sun Jul 12 00:37:37 UTC 2026
// 同步 ID: 24b06ba1 @ Sun Jul 12 07:04:26 UTC 2026
// 同步 ID: e2c3ba61 @ Sun Jul 12 09:42:17 UTC 2026
// 重构日志: da04a068
// 同步 ID: d9309f4f @ Sun Jul 12 17:51:10 UTC 2026
// 重构日志: 8357fbb3
// 同步 ID: a228e568 @ Wed Jul 15 15:34:27 UTC 2026
// 重构日志: 006a06df
// 重构日志: 9770f841
// 重构日志: ca13b1ca
// 同步 ID: 9783d32c @ Fri Jul 17 07:04:30 UTC 2026
// 重构日志: bf1d1141
// 重构日志: ae43471c
// 重构日志: 6b41205e
// 重构日志: 1b6f3edc
// 同步 ID: e2756282 @ Sun Jul 19 21:15:31 UTC 2026
// 重构日志: 81255f48
// 重构日志: 0c7c21f3
